[22/07 11:20:45] [info] TheHumax | quest TheHumax/creeper_1 | pushing quest creeper_1 = 6b7016fc-3b8a-4f46-a1fc-b626dc809823
[22/07 11:20:45] [info] TheHumax | quest TheHumax/creeper_1 | started quest : cause GUI
[22/07 11:20:45] [info] TheHumax | quest TheHumax/creeper_1/main | started branch
[22/07 11:21:24] [info] TheHumax | quest TheHumax/creeper_1 | pushing quest creeper_1 = 6b7016fc-3b8a-4f46-a1fc-b626dc809823
[22/07 12:37:33] [info] TheHumax | quest TheHumax/creeper_1 | paused quest
[22/07 12:37:33] [info] TheHumax | quest TheHumax/creeper_1 | pushing quest creeper_1 = 6b7016fc-3b8a-4f46-a1fc-b626dc809823
[22/07 12:37:34] [info] TheHumax | quest TheHumax/creeper_1 | fetched quest
[22/07 12:37:34] [info] TheHumax | quest TheHumax/creeper_1 | resumed quest
[22/07 12:38:33] [info] TheHumax | quest TheHumax/creeper_1 | pushing quest creeper_1 = 6b7016fc-3b8a-4f46-a1fc-b626dc809823
[22/07 12:38:57] [info] TheHumax | quest TheHumax/creeper_1 | paused quest
[22/07 12:38:57] [info] TheHumax | quest TheHumax/creeper_1 | pushing quest creeper_1 = 6b7016fc-3b8a-4f46-a1fc-b626dc809823
[22/07 12:42:53] [info] TheHumax | quest TheHumax/creeper_1 | fetched quest
[22/07 12:42:53] [info] TheHumax | quest TheHumax/creeper_1 | resumed quest
[22/07 12:43:29] [info] TheHumax | quest TheHumax/creeper_1 | pushing quest creeper_1 = 6b7016fc-3b8a-4f46-a1fc-b626dc809823
[22/07 13:14:57] [info] TheHumax | quest TheHumax/creeper_1 | paused quest
[22/07 13:14:57] [info] TheHumax | quest TheHumax/creeper_1 | pushing quest creeper_1 = 6b7016fc-3b8a-4f46-a1fc-b626dc809823
[22/07 13:14:58] [info] TheHumax | quest TheHumax/creeper_1 | fetched quest
[22/07 13:14:58] [info] TheHumax | quest TheHumax/creeper_1 | resumed quest
[22/07 13:15:57] [info] TheHumax | quest TheHumax/creeper_1 | pushing quest creeper_1 = 6b7016fc-3b8a-4f46-a1fc-b626dc809823
[22/07 13:17:59] [info] - | quest TheHumax/creeper_1 | paused quest
[22/07 13:17:59] [info] - | quest TheHumax/creeper_1 | pushing quest creeper_1 = 6b7016fc-3b8a-4f46-a1fc-b626dc809823
[22/07 13:19:33] [info] TheHumax | quest TheHumax/creeper_1 | fetched quest
[22/07 13:19:33] [info] TheHumax | quest TheHumax/creeper_1 | resumed quest
[22/07 13:19:57] [info] TheHumax | quest TheHumax/creeper_1 | pushing quest creeper_1 = 6b7016fc-3b8a-4f46-a1fc-b626dc809823
[22/07 13:31:35] [info] TheHumax | quest TheHumax/creeper_1 | paused quest
[22/07 13:31:35] [info] TheHumax | quest TheHumax/creeper_1 | pushing quest creeper_1 = 6b7016fc-3b8a-4f46-a1fc-b626dc809823
[22/07 13:31:36] [info] TheHumax | quest TheHumax/creeper_1 | fetched quest
[22/07 13:31:36] [info] TheHumax | quest TheHumax/creeper_1 | resumed quest
[22/07 13:32:02] [info] TheHumax | quest TheHumax/creeper_1 | paused quest
[22/07 13:32:02] [info] TheHumax | quest TheHumax/creeper_1 | pushing quest creeper_1 = 6b7016fc-3b8a-4f46-a1fc-b626dc809823
[22/07 13:32:03] [info] TheHumax | quest TheHumax/creeper_1 | fetched quest
[22/07 13:32:03] [info] TheHumax | quest TheHumax/creeper_1 | resumed quest
[22/07 13:33:02] [info] TheHumax | quest TheHumax/creeper_1 | pushing quest creeper_1 = 6b7016fc-3b8a-4f46-a1fc-b626dc809823
[22/07 13:36:00] [info] TheHumax | quest TheHumax/creeper_1 | paused quest
[22/07 13:36:00] [info] TheHumax | quest TheHumax/creeper_1 | pushing quest creeper_1 = 6b7016fc-3b8a-4f46-a1fc-b626dc809823
[22/07 13:36:01] [info] TheHumax | quest TheHumax/creeper_1 | fetched quest
[22/07 13:36:01] [info] TheHumax | quest TheHumax/creeper_1 | resumed quest
[22/07 13:36:39] [info] TheHumax | quest TheHumax/creeper_1 | paused quest
[22/07 13:36:39] [info] TheHumax | quest TheHumax/creeper_1 | pushing quest creeper_1 = 6b7016fc-3b8a-4f46-a1fc-b626dc809823
[22/07 13:36:40] [info] TheHumax | quest TheHumax/creeper_1 | fetched quest
[22/07 13:36:40] [info] TheHumax | quest TheHumax/creeper_1 | resumed quest
[22/07 13:37:17] [info] TheHumax | quest TheHumax/creeper_1 | paused quest
[22/07 13:37:17] [info] TheHumax | quest TheHumax/creeper_1 | pushing quest creeper_1 = 6b7016fc-3b8a-4f46-a1fc-b626dc809823
