[21/07 18:45:16] [info] TheHumax | quest TheHumax/farm_wheat_2 | pushing quest farm_wheat_2 = f071f2af-8882-4143-9fd4-f7c2a2e0061b
[21/07 18:45:16] [info] TheHumax | quest TheHumax/farm_wheat_2 | started quest : cause GUI
[21/07 18:45:16] [info] TheHumax | quest TheHumax/farm_wheat_2/main | started branch
[21/07 18:49:01] [info] TheHumax | quest TheHumax/farm_wheat_2 | paused quest
[21/07 18:49:01] [info] TheHumax | quest TheHumax/farm_wheat_2 | pushing quest farm_wheat_2 = f071f2af-8882-4143-9fd4-f7c2a2e0061b
[21/07 18:49:01] [info] TheHumax | quest TheHumax/farm_wheat_2 | fetched quest
[21/07 18:49:01] [info] TheHumax | quest TheHumax/farm_wheat_2 | resumed quest
[21/07 18:49:15] [info] TheHumax | quest TheHumax/farm_wheat_2 | paused quest
[21/07 18:49:15] [info] TheHumax | quest TheHumax/farm_wheat_2 | pushing quest farm_wheat_2 = f071f2af-8882-4143-9fd4-f7c2a2e0061b
[21/07 18:49:15] [info] TheHumax | quest TheHumax/farm_wheat_2 | fetched quest
[21/07 18:49:15] [info] TheHumax | quest TheHumax/farm_wheat_2 | resumed quest
[21/07 18:50:15] [info] TheHumax | quest TheHumax/farm_wheat_2 | pushing quest farm_wheat_2 = f071f2af-8882-4143-9fd4-f7c2a2e0061b
[21/07 19:05:30] [info] TheHumax | quest TheHumax/farm_wheat_2 | paused quest
[21/07 19:05:30] [info] TheHumax | quest TheHumax/farm_wheat_2 | pushing quest farm_wheat_2 = f071f2af-8882-4143-9fd4-f7c2a2e0061b
[21/07 19:05:30] [info] TheHumax | quest TheHumax/farm_wheat_2 | fetched quest
[21/07 19:05:30] [info] TheHumax | quest TheHumax/farm_wheat_2 | resumed quest
[21/07 19:06:30] [info] TheHumax | quest TheHumax/farm_wheat_2 | pushing quest farm_wheat_2 = f071f2af-8882-4143-9fd4-f7c2a2e0061b
[21/07 19:06:49] [info] TheHumax | quest TheHumax/farm_wheat_2 | paused quest
[21/07 19:06:49] [info] TheHumax | quest TheHumax/farm_wheat_2 | pushing quest farm_wheat_2 = f071f2af-8882-4143-9fd4-f7c2a2e0061b
[21/07 19:06:49] [info] TheHumax | quest TheHumax/farm_wheat_2 | fetched quest
[21/07 19:06:49] [info] TheHumax | quest TheHumax/farm_wheat_2 | resumed quest
[21/07 19:07:49] [info] TheHumax | quest TheHumax/farm_wheat_2 | pushing quest farm_wheat_2 = f071f2af-8882-4143-9fd4-f7c2a2e0061b
[21/07 19:15:39] [info] TheHumax | quest TheHumax/farm_wheat_2 | paused quest
[21/07 19:15:39] [info] TheHumax | quest TheHumax/farm_wheat_2 | pushing quest farm_wheat_2 = f071f2af-8882-4143-9fd4-f7c2a2e0061b
[21/07 19:15:39] [info] TheHumax | quest TheHumax/farm_wheat_2 | fetched quest
[21/07 19:15:39] [info] TheHumax | quest TheHumax/farm_wheat_2 | resumed quest
[21/07 19:16:07] [info] TheHumax | quest TheHumax/farm_wheat_2 | paused quest
[21/07 19:16:07] [info] TheHumax | quest TheHumax/farm_wheat_2 | pushing quest farm_wheat_2 = f071f2af-8882-4143-9fd4-f7c2a2e0061b
[21/07 19:16:08] [info] TheHumax | quest TheHumax/farm_wheat_2 | fetched quest
[21/07 19:16:08] [info] TheHumax | quest TheHumax/farm_wheat_2 | resumed quest
[21/07 19:17:07] [info] TheHumax | quest TheHumax/farm_wheat_2 | pushing quest farm_wheat_2 = f071f2af-8882-4143-9fd4-f7c2a2e0061b
[21/07 19:19:22] [info] TheHumax | quest TheHumax/farm_wheat_2 | paused quest
[21/07 19:19:22] [info] TheHumax | quest TheHumax/farm_wheat_2 | pushing quest farm_wheat_2 = f071f2af-8882-4143-9fd4-f7c2a2e0061b
[21/07 19:19:22] [info] TheHumax | quest TheHumax/farm_wheat_2 | fetched quest
[21/07 19:19:22] [info] TheHumax | quest TheHumax/farm_wheat_2 | resumed quest
[21/07 19:20:22] [info] TheHumax | quest TheHumax/farm_wheat_2 | pushing quest farm_wheat_2 = f071f2af-8882-4143-9fd4-f7c2a2e0061b
[21/07 19:29:16] [info] TheHumax | quest TheHumax/farm_wheat_2 | paused quest
[21/07 19:29:16] [info] TheHumax | quest TheHumax/farm_wheat_2 | pushing quest farm_wheat_2 = f071f2af-8882-4143-9fd4-f7c2a2e0061b
[21/07 19:29:16] [info] TheHumax | quest TheHumax/farm_wheat_2 | fetched quest
[21/07 19:29:16] [info] TheHumax | quest TheHumax/farm_wheat_2 | resumed quest
[21/07 19:29:44] [info] TheHumax | quest TheHumax/farm_wheat_2 | paused quest
[21/07 19:29:44] [info] TheHumax | quest TheHumax/farm_wheat_2 | pushing quest farm_wheat_2 = f071f2af-8882-4143-9fd4-f7c2a2e0061b
[21/07 19:29:45] [info] TheHumax | quest TheHumax/farm_wheat_2 | fetched quest
[21/07 19:29:45] [info] TheHumax | quest TheHumax/farm_wheat_2 | resumed quest
[21/07 19:30:13] [info] TheHumax | quest TheHumax/farm_wheat_2 | paused quest
[21/07 19:30:13] [info] TheHumax | quest TheHumax/farm_wheat_2 | pushing quest farm_wheat_2 = f071f2af-8882-4143-9fd4-f7c2a2e0061b
[21/07 19:30:14] [info] TheHumax | quest TheHumax/farm_wheat_2 | fetched quest
[21/07 19:30:14] [info] TheHumax | quest TheHumax/farm_wheat_2 | resumed quest
[21/07 19:30:27] [info] TheHumax | quest TheHumax/farm_wheat_2 | paused quest
[21/07 19:30:27] [info] TheHumax | quest TheHumax/farm_wheat_2 | pushing quest farm_wheat_2 = f071f2af-8882-4143-9fd4-f7c2a2e0061b
[21/07 19:30:27] [info] TheHumax | quest TheHumax/farm_wheat_2 | fetched quest
[21/07 19:30:27] [info] TheHumax | quest TheHumax/farm_wheat_2 | resumed quest
[21/07 19:31:21] [info] TheHumax | quest TheHumax/farm_wheat_2 | paused quest
[21/07 19:31:21] [info] TheHumax | quest TheHumax/farm_wheat_2 | pushing quest farm_wheat_2 = f071f2af-8882-4143-9fd4-f7c2a2e0061b
[21/07 19:31:21] [info] TheHumax | quest TheHumax/farm_wheat_2 | fetched quest
[21/07 19:31:21] [info] TheHumax | quest TheHumax/farm_wheat_2 | resumed quest
[21/07 19:32:02] [info] TheHumax | quest TheHumax/farm_wheat_2 | paused quest
[21/07 19:32:02] [info] TheHumax | quest TheHumax/farm_wheat_2 | pushing quest farm_wheat_2 = f071f2af-8882-4143-9fd4-f7c2a2e0061b
[21/07 19:32:02] [info] TheHumax | quest TheHumax/farm_wheat_2 | fetched quest
[21/07 19:32:02] [info] TheHumax | quest TheHumax/farm_wheat_2 | resumed quest
[21/07 19:33:02] [info] TheHumax | quest TheHumax/farm_wheat_2 | pushing quest farm_wheat_2 = f071f2af-8882-4143-9fd4-f7c2a2e0061b
[21/07 19:37:00] [info] TheHumax | quest TheHumax/farm_wheat_2 | paused quest
[21/07 19:37:00] [info] TheHumax | quest TheHumax/farm_wheat_2 | pushing quest farm_wheat_2 = f071f2af-8882-4143-9fd4-f7c2a2e0061b
[21/07 19:37:00] [info] TheHumax | quest TheHumax/farm_wheat_2 | fetched quest
[21/07 19:37:00] [info] TheHumax | quest TheHumax/farm_wheat_2 | resumed quest
[21/07 19:38:00] [info] TheHumax | quest TheHumax/farm_wheat_2 | pushing quest farm_wheat_2 = f071f2af-8882-4143-9fd4-f7c2a2e0061b
[21/07 19:38:14] [info] TheHumax | quest TheHumax/farm_wheat_2 | paused quest
[21/07 19:38:14] [info] TheHumax | quest TheHumax/farm_wheat_2 | pushing quest farm_wheat_2 = f071f2af-8882-4143-9fd4-f7c2a2e0061b
[21/07 19:38:14] [info] TheHumax | quest TheHumax/farm_wheat_2 | fetched quest
[21/07 19:38:14] [info] TheHumax | quest TheHumax/farm_wheat_2 | resumed quest
[21/07 19:39:14] [info] TheHumax | quest TheHumax/farm_wheat_2 | pushing quest farm_wheat_2 = f071f2af-8882-4143-9fd4-f7c2a2e0061b
[21/07 19:44:54] [info] TheHumax | quest TheHumax/farm_wheat_2 | paused quest
[21/07 19:44:54] [info] TheHumax | quest TheHumax/farm_wheat_2 | pushing quest farm_wheat_2 = f071f2af-8882-4143-9fd4-f7c2a2e0061b
[21/07 19:44:54] [info] TheHumax | quest TheHumax/farm_wheat_2 | fetched quest
[21/07 19:44:54] [info] TheHumax | quest TheHumax/farm_wheat_2 | resumed quest
[21/07 19:45:30] [info] TheHumax | quest TheHumax/farm_wheat_2 | stopped quest : cause GUI
