[21/07 18:16:34] [info] TheHumax | quest TheHumax/farm_pumpkin_1 | pushing quest farm_pumpkin_1 = 150b3178-1aae-46b0-a2d9-17751a9c18d9
[21/07 18:16:34] [info] TheHumax | quest TheHumax/farm_pumpkin_1 | started quest : cause GUI
[21/07 18:16:34] [info] TheHumax | quest TheHumax/farm_pumpkin_1/main | started branch
[21/07 18:17:16] [info] TheHumax | quest TheHumax/farm_pumpkin_1 | paused quest
[21/07 18:17:16] [info] TheHumax | quest TheHumax/farm_pumpkin_1 | pushing quest farm_pumpkin_1 = 150b3178-1aae-46b0-a2d9-17751a9c18d9
[21/07 18:17:16] [info] TheHumax | quest TheHumax/farm_pumpkin_1 | fetched quest
[21/07 18:17:16] [info] TheHumax | quest TheHumax/farm_pumpkin_1 | resumed quest
[21/07 18:17:28] [info] TheHumax | quest TheHumax/farm_pumpkin_1 | paused quest
[21/07 18:17:28] [info] TheHumax | quest TheHumax/farm_pumpkin_1 | pushing quest farm_pumpkin_1 = 150b3178-1aae-46b0-a2d9-17751a9c18d9
[21/07 18:17:29] [info] TheHumax | quest TheHumax/farm_pumpkin_1 | fetched quest
[21/07 18:17:29] [info] TheHumax | quest TheHumax/farm_pumpkin_1 | resumed quest
[21/07 18:17:36] [info] TheHumax | quest TheHumax/farm_pumpkin_1 | paused quest
[21/07 18:17:36] [info] TheHumax | quest TheHumax/farm_pumpkin_1 | pushing quest farm_pumpkin_1 = 150b3178-1aae-46b0-a2d9-17751a9c18d9
[21/07 18:17:36] [info] TheHumax | quest TheHumax/farm_pumpkin_1 | fetched quest
[21/07 18:17:36] [info] TheHumax | quest TheHumax/farm_pumpkin_1 | resumed quest
[21/07 18:17:46] [info] TheHumax | quest TheHumax/farm_pumpkin_1 | paused quest
[21/07 18:17:46] [info] TheHumax | quest TheHumax/farm_pumpkin_1 | pushing quest farm_pumpkin_1 = 150b3178-1aae-46b0-a2d9-17751a9c18d9
[21/07 18:17:46] [info] TheHumax | quest TheHumax/farm_pumpkin_1 | fetched quest
[21/07 18:17:46] [info] TheHumax | quest TheHumax/farm_pumpkin_1 | resumed quest
[21/07 18:18:46] [info] TheHumax | quest TheHumax/farm_pumpkin_1 | pushing quest farm_pumpkin_1 = 150b3178-1aae-46b0-a2d9-17751a9c18d9
[21/07 18:19:47] [info] TheHumax | quest TheHumax/farm_pumpkin_1 | paused quest
[21/07 18:19:47] [info] TheHumax | quest TheHumax/farm_pumpkin_1 | pushing quest farm_pumpkin_1 = 150b3178-1aae-46b0-a2d9-17751a9c18d9
[21/07 18:20:22] [info] TheHumax | quest TheHumax/farm_pumpkin_1 | fetched quest
[21/07 18:20:22] [info] TheHumax | quest TheHumax/farm_pumpkin_1 | resumed quest
[21/07 18:21:22] [info] TheHumax | quest TheHumax/farm_pumpkin_1 | pushing quest farm_pumpkin_1 = 150b3178-1aae-46b0-a2d9-17751a9c18d9
[21/07 18:22:58] [info] TheHumax | quest TheHumax/farm_pumpkin_1 | paused quest
[21/07 18:22:58] [info] TheHumax | quest TheHumax/farm_pumpkin_1 | pushing quest farm_pumpkin_1 = 150b3178-1aae-46b0-a2d9-17751a9c18d9
[21/07 18:22:58] [info] TheHumax | quest TheHumax/farm_pumpkin_1 | fetched quest
[21/07 18:22:58] [info] TheHumax | quest TheHumax/farm_pumpkin_1 | resumed quest
[21/07 18:23:42] [info] TheHumax | quest TheHumax/farm_pumpkin_1 | paused quest
[21/07 18:23:42] [info] TheHumax | quest TheHumax/farm_pumpkin_1 | pushing quest farm_pumpkin_1 = 150b3178-1aae-46b0-a2d9-17751a9c18d9
[21/07 18:23:43] [info] TheHumax | quest TheHumax/farm_pumpkin_1 | fetched quest
[21/07 18:23:43] [info] TheHumax | quest TheHumax/farm_pumpkin_1 | resumed quest
[21/07 18:24:18] [info] TheHumax | quest TheHumax/farm_pumpkin_1 | paused quest
[21/07 18:24:18] [info] TheHumax | quest TheHumax/farm_pumpkin_1 | pushing quest farm_pumpkin_1 = 150b3178-1aae-46b0-a2d9-17751a9c18d9
[21/07 18:24:18] [info] TheHumax | quest TheHumax/farm_pumpkin_1 | fetched quest
[21/07 18:24:18] [info] TheHumax | quest TheHumax/farm_pumpkin_1 | resumed quest
[21/07 18:25:12] [info] TheHumax | quest TheHumax/farm_pumpkin_1 | paused quest
[21/07 18:25:12] [info] TheHumax | quest TheHumax/farm_pumpkin_1 | pushing quest farm_pumpkin_1 = 150b3178-1aae-46b0-a2d9-17751a9c18d9
[21/07 18:25:12] [info] TheHumax | quest TheHumax/farm_pumpkin_1 | fetched quest
[21/07 18:25:12] [info] TheHumax | quest TheHumax/farm_pumpkin_1 | resumed quest
[21/07 18:25:23] [info] TheHumax | quest TheHumax/farm_pumpkin_1 | paused quest
[21/07 18:25:23] [info] TheHumax | quest TheHumax/farm_pumpkin_1 | pushing quest farm_pumpkin_1 = 150b3178-1aae-46b0-a2d9-17751a9c18d9
[21/07 18:25:24] [info] TheHumax | quest TheHumax/farm_pumpkin_1 | fetched quest
[21/07 18:25:24] [info] TheHumax | quest TheHumax/farm_pumpkin_1 | resumed quest
[21/07 18:26:23] [info] TheHumax | quest TheHumax/farm_pumpkin_1 | pushing quest farm_pumpkin_1 = 150b3178-1aae-46b0-a2d9-17751a9c18d9
[21/07 18:27:47] [info] TheHumax | quest TheHumax/farm_pumpkin_1 | paused quest
[21/07 18:27:47] [info] TheHumax | quest TheHumax/farm_pumpkin_1 | pushing quest farm_pumpkin_1 = 150b3178-1aae-46b0-a2d9-17751a9c18d9
[21/07 18:27:47] [info] TheHumax | quest TheHumax/farm_pumpkin_1 | fetched quest
[21/07 18:27:47] [info] TheHumax | quest TheHumax/farm_pumpkin_1 | resumed quest
[21/07 18:28:00] [info] TheHumax | quest TheHumax/farm_pumpkin_1 | paused quest
[21/07 18:28:00] [info] TheHumax | quest TheHumax/farm_pumpkin_1 | pushing quest farm_pumpkin_1 = 150b3178-1aae-46b0-a2d9-17751a9c18d9
[21/07 18:28:00] [info] TheHumax | quest TheHumax/farm_pumpkin_1 | fetched quest
[21/07 18:28:00] [info] TheHumax | quest TheHumax/farm_pumpkin_1 | resumed quest
[21/07 18:28:17] [info] TheHumax | quest TheHumax/farm_pumpkin_1 | paused quest
[21/07 18:28:17] [info] TheHumax | quest TheHumax/farm_pumpkin_1 | pushing quest farm_pumpkin_1 = 150b3178-1aae-46b0-a2d9-17751a9c18d9
[21/07 18:28:18] [info] TheHumax | quest TheHumax/farm_pumpkin_1 | fetched quest
[21/07 18:28:18] [info] TheHumax | quest TheHumax/farm_pumpkin_1 | resumed quest
[21/07 18:29:17] [info] TheHumax | quest TheHumax/farm_pumpkin_1 | pushing quest farm_pumpkin_1 = 150b3178-1aae-46b0-a2d9-17751a9c18d9
[21/07 18:29:21] [info] TheHumax | quest TheHumax/farm_pumpkin_1 | paused quest
[21/07 18:29:21] [info] TheHumax | quest TheHumax/farm_pumpkin_1 | pushing quest farm_pumpkin_1 = 150b3178-1aae-46b0-a2d9-17751a9c18d9
[21/07 18:29:22] [info] TheHumax | quest TheHumax/farm_pumpkin_1 | fetched quest
[21/07 18:29:22] [info] TheHumax | quest TheHumax/farm_pumpkin_1 | resumed quest
[21/07 18:30:04] [info] TheHumax | quest TheHumax/farm_pumpkin_1 | paused quest
[21/07 18:30:04] [info] TheHumax | quest TheHumax/farm_pumpkin_1 | pushing quest farm_pumpkin_1 = 150b3178-1aae-46b0-a2d9-17751a9c18d9
[21/07 18:30:04] [info] TheHumax | quest TheHumax/farm_pumpkin_1 | fetched quest
[21/07 18:30:04] [info] TheHumax | quest TheHumax/farm_pumpkin_1 | resumed quest
[21/07 18:30:13] [info] TheHumax | quest TheHumax/farm_pumpkin_1 | paused quest
[21/07 18:30:13] [info] TheHumax | quest TheHumax/farm_pumpkin_1 | pushing quest farm_pumpkin_1 = 150b3178-1aae-46b0-a2d9-17751a9c18d9
[21/07 18:30:13] [info] TheHumax | quest TheHumax/farm_pumpkin_1 | fetched quest
[21/07 18:30:13] [info] TheHumax | quest TheHumax/farm_pumpkin_1 | resumed quest
[21/07 18:31:13] [info] TheHumax | quest TheHumax/farm_pumpkin_1 | pushing quest farm_pumpkin_1 = 150b3178-1aae-46b0-a2d9-17751a9c18d9
[21/07 18:33:04] [info] TheHumax | quest TheHumax/farm_pumpkin_1 | paused quest
[21/07 18:33:04] [info] TheHumax | quest TheHumax/farm_pumpkin_1 | pushing quest farm_pumpkin_1 = 150b3178-1aae-46b0-a2d9-17751a9c18d9
[21/07 18:33:04] [info] TheHumax | quest TheHumax/farm_pumpkin_1 | fetched quest
[21/07 18:33:04] [info] TheHumax | quest TheHumax/farm_pumpkin_1 | resumed quest
[21/07 18:33:35] [info] TheHumax | quest TheHumax/farm_pumpkin_1 | paused quest
[21/07 18:33:35] [info] TheHumax | quest TheHumax/farm_pumpkin_1 | pushing quest farm_pumpkin_1 = 150b3178-1aae-46b0-a2d9-17751a9c18d9
[21/07 18:33:36] [info] TheHumax | quest TheHumax/farm_pumpkin_1 | fetched quest
[21/07 18:33:36] [info] TheHumax | quest TheHumax/farm_pumpkin_1 | resumed quest
[21/07 18:33:46] [info] TheHumax | quest TheHumax/farm_pumpkin_1 | paused quest
[21/07 18:33:46] [info] TheHumax | quest TheHumax/farm_pumpkin_1 | pushing quest farm_pumpkin_1 = 150b3178-1aae-46b0-a2d9-17751a9c18d9
[21/07 18:33:47] [info] TheHumax | quest TheHumax/farm_pumpkin_1 | fetched quest
[21/07 18:33:47] [info] TheHumax | quest TheHumax/farm_pumpkin_1 | resumed quest
[21/07 18:34:46] [info] TheHumax | quest TheHumax/farm_pumpkin_1 | pushing quest farm_pumpkin_1 = 150b3178-1aae-46b0-a2d9-17751a9c18d9
[21/07 18:35:39] [info] TheHumax | quest TheHumax/farm_pumpkin_1 | paused quest
[21/07 18:35:39] [info] TheHumax | quest TheHumax/farm_pumpkin_1 | pushing quest farm_pumpkin_1 = 150b3178-1aae-46b0-a2d9-17751a9c18d9
[21/07 18:35:39] [info] TheHumax | quest TheHumax/farm_pumpkin_1 | fetched quest
[21/07 18:35:39] [info] TheHumax | quest TheHumax/farm_pumpkin_1 | resumed quest
[21/07 18:36:17] [info] TheHumax | quest TheHumax/farm_pumpkin_1 | paused quest
[21/07 18:36:17] [info] TheHumax | quest TheHumax/farm_pumpkin_1 | pushing quest farm_pumpkin_1 = 150b3178-1aae-46b0-a2d9-17751a9c18d9
[21/07 18:36:17] [info] TheHumax | quest TheHumax/farm_pumpkin_1 | fetched quest
[21/07 18:36:17] [info] TheHumax | quest TheHumax/farm_pumpkin_1 | resumed quest
[21/07 18:37:17] [info] TheHumax | quest TheHumax/farm_pumpkin_1 | pushing quest farm_pumpkin_1 = 150b3178-1aae-46b0-a2d9-17751a9c18d9
[21/07 18:37:32] [info] TheHumax | quest TheHumax/farm_pumpkin_1 | paused quest
[21/07 18:37:32] [info] TheHumax | quest TheHumax/farm_pumpkin_1 | pushing quest farm_pumpkin_1 = 150b3178-1aae-46b0-a2d9-17751a9c18d9
[21/07 18:37:33] [info] TheHumax | quest TheHumax/farm_pumpkin_1 | fetched quest
[21/07 18:37:33] [info] TheHumax | quest TheHumax/farm_pumpkin_1 | resumed quest
[21/07 18:37:49] [info] TheHumax | quest TheHumax/farm_pumpkin_1 | paused quest
[21/07 18:37:49] [info] TheHumax | quest TheHumax/farm_pumpkin_1 | pushing quest farm_pumpkin_1 = 150b3178-1aae-46b0-a2d9-17751a9c18d9
[21/07 18:37:49] [info] TheHumax | quest TheHumax/farm_pumpkin_1 | fetched quest
[21/07 18:37:49] [info] TheHumax | quest TheHumax/farm_pumpkin_1 | resumed quest
[21/07 18:38:49] [info] TheHumax | quest TheHumax/farm_pumpkin_1 | pushing quest farm_pumpkin_1 = 150b3178-1aae-46b0-a2d9-17751a9c18d9
[21/07 18:39:25] [info] TheHumax | quest TheHumax/farm_pumpkin_1 | stopped quest : cause GUI
