[21/07 11:49:19] [info] TheHumax | quest TheHumax/farm_wheat_1 | pushing quest farm_wheat_1 = 79905ed2-43c6-419b-a5b8-e1a3ee824094
[21/07 11:49:19] [info] TheHumax | quest TheHumax/farm_wheat_1 | started quest : cause GUI
[21/07 11:49:19] [info] TheHumax | quest TheHumax/farm_wheat_1/main | started branch
[21/07 11:56:26] [info] TheHumax | quest TheHumax/farm_wheat_1 | paused quest
[21/07 11:56:26] [info] TheHumax | quest TheHumax/farm_wheat_1 | pushing quest farm_wheat_1 = 79905ed2-43c6-419b-a5b8-e1a3ee824094
[21/07 11:56:27] [info] TheHumax | quest TheHumax/farm_wheat_1 | fetched quest
[21/07 11:56:27] [info] TheHumax | quest TheHumax/farm_wheat_1 | resumed quest
[21/07 11:57:26] [info] TheHumax | quest TheHumax/farm_wheat_1 | pushing quest farm_wheat_1 = 79905ed2-43c6-419b-a5b8-e1a3ee824094
[21/07 11:58:28] [info] TheHumax | quest TheHumax/farm_wheat_1 | paused quest
[21/07 11:58:28] [info] TheHumax | quest TheHumax/farm_wheat_1 | pushing quest farm_wheat_1 = 79905ed2-43c6-419b-a5b8-e1a3ee824094
[21/07 11:58:28] [info] TheHumax | quest TheHumax/farm_wheat_1 | fetched quest
[21/07 11:58:28] [info] TheHumax | quest TheHumax/farm_wheat_1 | resumed quest
[21/07 11:59:14] [info] TheHumax | quest TheHumax/farm_wheat_1 | paused quest
[21/07 11:59:14] [info] TheHumax | quest TheHumax/farm_wheat_1 | pushing quest farm_wheat_1 = 79905ed2-43c6-419b-a5b8-e1a3ee824094
[21/07 11:59:14] [info] TheHumax | quest TheHumax/farm_wheat_1 | fetched quest
[21/07 11:59:14] [info] TheHumax | quest TheHumax/farm_wheat_1 | resumed quest
[21/07 12:00:14] [info] TheHumax | quest TheHumax/farm_wheat_1 | pushing quest farm_wheat_1 = 79905ed2-43c6-419b-a5b8-e1a3ee824094
[21/07 12:00:37] [info] TheHumax | quest TheHumax/farm_wheat_1 | paused quest
[21/07 12:00:37] [info] TheHumax | quest TheHumax/farm_wheat_1 | pushing quest farm_wheat_1 = 79905ed2-43c6-419b-a5b8-e1a3ee824094
[21/07 12:00:37] [info] TheHumax | quest TheHumax/farm_wheat_1 | fetched quest
[21/07 12:00:37] [info] TheHumax | quest TheHumax/farm_wheat_1 | resumed quest
[21/07 12:00:50] [info] TheHumax | quest TheHumax/farm_wheat_1 | paused quest
[21/07 12:00:50] [info] TheHumax | quest TheHumax/farm_wheat_1 | pushing quest farm_wheat_1 = 79905ed2-43c6-419b-a5b8-e1a3ee824094
[21/07 12:00:50] [info] TheHumax | quest TheHumax/farm_wheat_1 | fetched quest
[21/07 12:00:50] [info] TheHumax | quest TheHumax/farm_wheat_1 | resumed quest
[21/07 12:01:50] [info] TheHumax | quest TheHumax/farm_wheat_1 | pushing quest farm_wheat_1 = 79905ed2-43c6-419b-a5b8-e1a3ee824094
[21/07 12:03:37] [info] TheHumax | quest TheHumax/farm_wheat_1 | paused quest
[21/07 12:03:37] [info] TheHumax | quest TheHumax/farm_wheat_1 | pushing quest farm_wheat_1 = 79905ed2-43c6-419b-a5b8-e1a3ee824094
[21/07 12:03:49] [info] TheHumax | quest TheHumax/farm_wheat_1 | fetched quest
[21/07 12:03:49] [info] TheHumax | quest TheHumax/farm_wheat_1 | resumed quest
[21/07 12:04:49] [info] TheHumax | quest TheHumax/farm_wheat_1 | pushing quest farm_wheat_1 = 79905ed2-43c6-419b-a5b8-e1a3ee824094
[21/07 12:05:41] [info] TheHumax | quest TheHumax/farm_wheat_1 | paused quest
[21/07 12:05:41] [info] TheHumax | quest TheHumax/farm_wheat_1 | pushing quest farm_wheat_1 = 79905ed2-43c6-419b-a5b8-e1a3ee824094
[21/07 12:05:41] [info] TheHumax | quest TheHumax/farm_wheat_1 | fetched quest
[21/07 12:05:41] [info] TheHumax | quest TheHumax/farm_wheat_1 | resumed quest
[21/07 12:06:41] [info] TheHumax | quest TheHumax/farm_wheat_1 | pushing quest farm_wheat_1 = 79905ed2-43c6-419b-a5b8-e1a3ee824094
[21/07 12:06:58] [info] TheHumax | quest TheHumax/farm_wheat_1 | paused quest
[21/07 12:06:58] [info] TheHumax | quest TheHumax/farm_wheat_1 | pushing quest farm_wheat_1 = 79905ed2-43c6-419b-a5b8-e1a3ee824094
[21/07 12:06:59] [info] TheHumax | quest TheHumax/farm_wheat_1 | fetched quest
[21/07 12:06:59] [info] TheHumax | quest TheHumax/farm_wheat_1 | resumed quest
[21/07 12:07:58] [info] TheHumax | quest TheHumax/farm_wheat_1 | pushing quest farm_wheat_1 = 79905ed2-43c6-419b-a5b8-e1a3ee824094
[21/07 12:38:47] [info] TheHumax | quest TheHumax/farm_wheat_1 | paused quest
[21/07 12:38:47] [info] TheHumax | quest TheHumax/farm_wheat_1 | pushing quest farm_wheat_1 = 79905ed2-43c6-419b-a5b8-e1a3ee824094
[21/07 12:38:47] [info] TheHumax | quest TheHumax/farm_wheat_1 | fetched quest
[21/07 12:38:47] [info] TheHumax | quest TheHumax/farm_wheat_1 | resumed quest
[21/07 12:39:47] [info] TheHumax | quest TheHumax/farm_wheat_1 | pushing quest farm_wheat_1 = 79905ed2-43c6-419b-a5b8-e1a3ee824094
[21/07 12:51:51] [info] TheHumax | quest TheHumax/farm_wheat_1 | paused quest
[21/07 12:51:51] [info] TheHumax | quest TheHumax/farm_wheat_1 | pushing quest farm_wheat_1 = 79905ed2-43c6-419b-a5b8-e1a3ee824094
[21/07 12:51:52] [info] TheHumax | quest TheHumax/farm_wheat_1 | fetched quest
[21/07 12:51:52] [info] TheHumax | quest TheHumax/farm_wheat_1 | resumed quest
[21/07 12:52:51] [info] TheHumax | quest TheHumax/farm_wheat_1 | pushing quest farm_wheat_1 = 79905ed2-43c6-419b-a5b8-e1a3ee824094
[21/07 12:55:38] [info] TheHumax | quest TheHumax/farm_wheat_1 | paused quest
[21/07 12:55:38] [info] TheHumax | quest TheHumax/farm_wheat_1 | pushing quest farm_wheat_1 = 79905ed2-43c6-419b-a5b8-e1a3ee824094
[21/07 12:55:38] [info] TheHumax | quest TheHumax/farm_wheat_1 | fetched quest
[21/07 12:55:38] [info] TheHumax | quest TheHumax/farm_wheat_1 | resumed quest
[21/07 12:56:38] [info] TheHumax | quest TheHumax/farm_wheat_1 | pushing quest farm_wheat_1 = 79905ed2-43c6-419b-a5b8-e1a3ee824094
[21/07 12:57:19] [info] TheHumax | quest TheHumax/farm_wheat_1 | paused quest
[21/07 12:57:19] [info] TheHumax | quest TheHumax/farm_wheat_1 | pushing quest farm_wheat_1 = 79905ed2-43c6-419b-a5b8-e1a3ee824094
[21/07 12:57:19] [info] TheHumax | quest TheHumax/farm_wheat_1 | fetched quest
[21/07 12:57:19] [info] TheHumax | quest TheHumax/farm_wheat_1 | resumed quest
[21/07 12:58:19] [info] TheHumax | quest TheHumax/farm_wheat_1 | pushing quest farm_wheat_1 = 79905ed2-43c6-419b-a5b8-e1a3ee824094
[21/07 12:59:13] [info] TheHumax | quest TheHumax/farm_wheat_1 | paused quest
[21/07 12:59:13] [info] TheHumax | quest TheHumax/farm_wheat_1 | pushing quest farm_wheat_1 = 79905ed2-43c6-419b-a5b8-e1a3ee824094
[21/07 12:59:13] [info] TheHumax | quest TheHumax/farm_wheat_1 | fetched quest
[21/07 12:59:13] [info] TheHumax | quest TheHumax/farm_wheat_1 | resumed quest
[21/07 13:00:13] [info] TheHumax | quest TheHumax/farm_wheat_1 | pushing quest farm_wheat_1 = 79905ed2-43c6-419b-a5b8-e1a3ee824094
[21/07 13:02:17] [info] TheHumax | quest TheHumax/farm_wheat_1 | paused quest
[21/07 13:02:17] [info] TheHumax | quest TheHumax/farm_wheat_1 | pushing quest farm_wheat_1 = 79905ed2-43c6-419b-a5b8-e1a3ee824094
[21/07 13:02:17] [info] TheHumax | quest TheHumax/farm_wheat_1 | fetched quest
[21/07 13:02:17] [info] TheHumax | quest TheHumax/farm_wheat_1 | resumed quest
[21/07 13:03:17] [info] TheHumax | quest TheHumax/farm_wheat_1 | pushing quest farm_wheat_1 = 79905ed2-43c6-419b-a5b8-e1a3ee824094
[21/07 13:07:42] [info] TheHumax | quest TheHumax/farm_wheat_1 | paused quest
[21/07 13:07:42] [info] TheHumax | quest TheHumax/farm_wheat_1 | pushing quest farm_wheat_1 = 79905ed2-43c6-419b-a5b8-e1a3ee824094
[21/07 13:07:42] [info] TheHumax | quest TheHumax/farm_wheat_1 | fetched quest
[21/07 13:07:42] [info] TheHumax | quest TheHumax/farm_wheat_1 | resumed quest
[21/07 13:07:55] [info] TheHumax | quest TheHumax/farm_wheat_1 | paused quest
[21/07 13:07:55] [info] TheHumax | quest TheHumax/farm_wheat_1 | pushing quest farm_wheat_1 = 79905ed2-43c6-419b-a5b8-e1a3ee824094
[21/07 13:07:56] [info] TheHumax | quest TheHumax/farm_wheat_1 | fetched quest
[21/07 13:07:56] [info] TheHumax | quest TheHumax/farm_wheat_1 | resumed quest
[21/07 13:08:55] [info] TheHumax | quest TheHumax/farm_wheat_1 | pushing quest farm_wheat_1 = 79905ed2-43c6-419b-a5b8-e1a3ee824094
[21/07 13:10:24] [info] TheHumax | quest TheHumax/farm_wheat_1 | paused quest
[21/07 13:10:24] [info] TheHumax | quest TheHumax/farm_wheat_1 | pushing quest farm_wheat_1 = 79905ed2-43c6-419b-a5b8-e1a3ee824094
[21/07 13:10:24] [info] TheHumax | quest TheHumax/farm_wheat_1 | fetched quest
[21/07 13:10:24] [info] TheHumax | quest TheHumax/farm_wheat_1 | resumed quest
[21/07 13:11:24] [info] TheHumax | quest TheHumax/farm_wheat_1 | pushing quest farm_wheat_1 = 79905ed2-43c6-419b-a5b8-e1a3ee824094
[21/07 13:12:43] [info] TheHumax | quest TheHumax/farm_wheat_1 | paused quest
[21/07 13:12:43] [info] TheHumax | quest TheHumax/farm_wheat_1 | pushing quest farm_wheat_1 = 79905ed2-43c6-419b-a5b8-e1a3ee824094
[21/07 13:12:43] [info] TheHumax | quest TheHumax/farm_wheat_1 | fetched quest
[21/07 13:12:43] [info] TheHumax | quest TheHumax/farm_wheat_1 | resumed quest
[21/07 13:13:43] [info] TheHumax | quest TheHumax/farm_wheat_1 | pushing quest farm_wheat_1 = 79905ed2-43c6-419b-a5b8-e1a3ee824094
[21/07 13:14:14] [info] TheHumax | quest TheHumax/farm_wheat_1 | paused quest
[21/07 13:14:14] [info] TheHumax | quest TheHumax/farm_wheat_1 | pushing quest farm_wheat_1 = 79905ed2-43c6-419b-a5b8-e1a3ee824094
[21/07 13:14:14] [info] TheHumax | quest TheHumax/farm_wheat_1 | fetched quest
[21/07 13:14:14] [info] TheHumax | quest TheHumax/farm_wheat_1 | resumed quest
[21/07 13:14:54] [info] TheHumax | quest TheHumax/farm_wheat_1 | paused quest
[21/07 13:14:54] [info] TheHumax | quest TheHumax/farm_wheat_1 | pushing quest farm_wheat_1 = 79905ed2-43c6-419b-a5b8-e1a3ee824094
[21/07 13:14:54] [info] TheHumax | quest TheHumax/farm_wheat_1 | fetched quest
[21/07 13:14:54] [info] TheHumax | quest TheHumax/farm_wheat_1 | resumed quest
[21/07 13:15:54] [info] TheHumax | quest TheHumax/farm_wheat_1 | pushing quest farm_wheat_1 = 79905ed2-43c6-419b-a5b8-e1a3ee824094
[21/07 13:20:42] [info] TheHumax | quest TheHumax/farm_wheat_1 | paused quest
[21/07 13:20:42] [info] TheHumax | quest TheHumax/farm_wheat_1 | pushing quest farm_wheat_1 = 79905ed2-43c6-419b-a5b8-e1a3ee824094
[21/07 13:20:43] [info] TheHumax | quest TheHumax/farm_wheat_1 | fetched quest
[21/07 13:20:43] [info] TheHumax | quest TheHumax/farm_wheat_1 | resumed quest
[21/07 13:20:51] [info] TheHumax | quest TheHumax/farm_wheat_1 | paused quest
[21/07 13:20:51] [info] TheHumax | quest TheHumax/farm_wheat_1 | pushing quest farm_wheat_1 = 79905ed2-43c6-419b-a5b8-e1a3ee824094
[21/07 13:20:51] [info] TheHumax | quest TheHumax/farm_wheat_1 | fetched quest
[21/07 13:20:51] [info] TheHumax | quest TheHumax/farm_wheat_1 | resumed quest
[21/07 13:21:21] [info] TheHumax | quest TheHumax/farm_wheat_1 | paused quest
[21/07 13:21:21] [info] TheHumax | quest TheHumax/farm_wheat_1 | pushing quest farm_wheat_1 = 79905ed2-43c6-419b-a5b8-e1a3ee824094
[21/07 13:21:21] [info] TheHumax | quest TheHumax/farm_wheat_1 | fetched quest
[21/07 13:21:21] [info] TheHumax | quest TheHumax/farm_wheat_1 | resumed quest
[21/07 13:21:40] [info] TheHumax | quest TheHumax/farm_wheat_1 | paused quest
[21/07 13:21:40] [info] TheHumax | quest TheHumax/farm_wheat_1 | pushing quest farm_wheat_1 = 79905ed2-43c6-419b-a5b8-e1a3ee824094
[21/07 13:21:40] [info] TheHumax | quest TheHumax/farm_wheat_1 | fetched quest
[21/07 13:21:40] [info] TheHumax | quest TheHumax/farm_wheat_1 | resumed quest
[21/07 13:22:40] [info] TheHumax | quest TheHumax/farm_wheat_1 | pushing quest farm_wheat_1 = 79905ed2-43c6-419b-a5b8-e1a3ee824094
[21/07 13:23:21] [info] TheHumax | quest TheHumax/farm_wheat_1 | paused quest
[21/07 13:23:21] [info] TheHumax | quest TheHumax/farm_wheat_1 | pushing quest farm_wheat_1 = 79905ed2-43c6-419b-a5b8-e1a3ee824094
[21/07 13:23:22] [info] TheHumax | quest TheHumax/farm_wheat_1 | fetched quest
[21/07 13:23:22] [info] TheHumax | quest TheHumax/farm_wheat_1 | resumed quest
[21/07 13:23:31] [info] TheHumax | quest TheHumax/farm_wheat_1 | paused quest
[21/07 13:23:31] [info] TheHumax | quest TheHumax/farm_wheat_1 | pushing quest farm_wheat_1 = 79905ed2-43c6-419b-a5b8-e1a3ee824094
[21/07 13:23:31] [info] TheHumax | quest TheHumax/farm_wheat_1 | fetched quest
[21/07 13:23:31] [info] TheHumax | quest TheHumax/farm_wheat_1 | resumed quest
[21/07 13:23:35] [info] TheHumax | quest TheHumax/farm_wheat_1 | paused quest
[21/07 13:23:35] [info] TheHumax | quest TheHumax/farm_wheat_1 | pushing quest farm_wheat_1 = 79905ed2-43c6-419b-a5b8-e1a3ee824094
[21/07 13:23:35] [info] TheHumax | quest TheHumax/farm_wheat_1 | fetched quest
[21/07 13:23:35] [info] TheHumax | quest TheHumax/farm_wheat_1 | resumed quest
[21/07 13:23:46] [info] TheHumax | quest TheHumax/farm_wheat_1 | paused quest
[21/07 13:23:46] [info] TheHumax | quest TheHumax/farm_wheat_1 | pushing quest farm_wheat_1 = 79905ed2-43c6-419b-a5b8-e1a3ee824094
[21/07 13:23:46] [info] TheHumax | quest TheHumax/farm_wheat_1 | fetched quest
[21/07 13:23:46] [info] TheHumax | quest TheHumax/farm_wheat_1 | resumed quest
[21/07 13:24:46] [info] TheHumax | quest TheHumax/farm_wheat_1 | pushing quest farm_wheat_1 = 79905ed2-43c6-419b-a5b8-e1a3ee824094
[21/07 13:24:53] [info] TheHumax | quest TheHumax/farm_wheat_1 | paused quest
[21/07 13:24:53] [info] TheHumax | quest TheHumax/farm_wheat_1 | pushing quest farm_wheat_1 = 79905ed2-43c6-419b-a5b8-e1a3ee824094
[21/07 13:24:53] [info] TheHumax | quest TheHumax/farm_wheat_1 | fetched quest
[21/07 13:24:53] [info] TheHumax | quest TheHumax/farm_wheat_1 | resumed quest
[21/07 13:25:33] [info] TheHumax | quest TheHumax/farm_wheat_1 | paused quest
[21/07 13:25:33] [info] TheHumax | quest TheHumax/farm_wheat_1 | pushing quest farm_wheat_1 = 79905ed2-43c6-419b-a5b8-e1a3ee824094
[21/07 13:25:33] [info] TheHumax | quest TheHumax/farm_wheat_1 | fetched quest
[21/07 13:25:33] [info] TheHumax | quest TheHumax/farm_wheat_1 | resumed quest
[21/07 13:25:45] [info] TheHumax | quest TheHumax/farm_wheat_1 | paused quest
[21/07 13:25:45] [info] TheHumax | quest TheHumax/farm_wheat_1 | pushing quest farm_wheat_1 = 79905ed2-43c6-419b-a5b8-e1a3ee824094
[21/07 13:25:45] [info] TheHumax | quest TheHumax/farm_wheat_1 | fetched quest
[21/07 13:25:45] [info] TheHumax | quest TheHumax/farm_wheat_1 | resumed quest
[21/07 13:25:59] [info] TheHumax | quest TheHumax/farm_wheat_1 | paused quest
[21/07 13:25:59] [info] TheHumax | quest TheHumax/farm_wheat_1 | pushing quest farm_wheat_1 = 79905ed2-43c6-419b-a5b8-e1a3ee824094
[21/07 13:25:59] [info] TheHumax | quest TheHumax/farm_wheat_1 | fetched quest
[21/07 13:25:59] [info] TheHumax | quest TheHumax/farm_wheat_1 | resumed quest
[21/07 13:26:22] [info] TheHumax | quest TheHumax/farm_wheat_1 | paused quest
[21/07 13:26:22] [info] TheHumax | quest TheHumax/farm_wheat_1 | pushing quest farm_wheat_1 = 79905ed2-43c6-419b-a5b8-e1a3ee824094
[21/07 13:26:22] [info] TheHumax | quest TheHumax/farm_wheat_1 | fetched quest
[21/07 13:26:22] [info] TheHumax | quest TheHumax/farm_wheat_1 | resumed quest
[21/07 13:27:22] [info] TheHumax | quest TheHumax/farm_wheat_1 | pushing quest farm_wheat_1 = 79905ed2-43c6-419b-a5b8-e1a3ee824094
[21/07 13:28:38] [info] TheHumax | quest TheHumax/farm_wheat_1 | paused quest
[21/07 13:28:38] [info] TheHumax | quest TheHumax/farm_wheat_1 | pushing quest farm_wheat_1 = 79905ed2-43c6-419b-a5b8-e1a3ee824094
[21/07 13:29:51] [info] TheHumax | quest TheHumax/farm_wheat_1 | fetched quest
[21/07 13:29:51] [info] TheHumax | quest TheHumax/farm_wheat_1 | resumed quest
[21/07 13:30:50] [info] TheHumax | quest TheHumax/farm_wheat_1 | pushing quest farm_wheat_1 = 79905ed2-43c6-419b-a5b8-e1a3ee824094
[21/07 13:30:51] [info] TheHumax | quest TheHumax/farm_wheat_1 | paused quest
[21/07 13:30:51] [info] TheHumax | quest TheHumax/farm_wheat_1 | pushing quest farm_wheat_1 = 79905ed2-43c6-419b-a5b8-e1a3ee824094
[21/07 13:30:52] [info] TheHumax | quest TheHumax/farm_wheat_1 | fetched quest
[21/07 13:30:52] [info] TheHumax | quest TheHumax/farm_wheat_1 | resumed quest
[21/07 13:31:51] [info] TheHumax | quest TheHumax/farm_wheat_1 | pushing quest farm_wheat_1 = 79905ed2-43c6-419b-a5b8-e1a3ee824094
[21/07 13:34:39] [info] TheHumax | quest TheHumax/farm_wheat_1 | paused quest
[21/07 13:34:39] [info] TheHumax | quest TheHumax/farm_wheat_1 | pushing quest farm_wheat_1 = 79905ed2-43c6-419b-a5b8-e1a3ee824094
[21/07 13:34:40] [info] TheHumax | quest TheHumax/farm_wheat_1 | fetched quest
[21/07 13:34:40] [info] TheHumax | quest TheHumax/farm_wheat_1 | resumed quest
[21/07 13:35:39] [info] TheHumax | quest TheHumax/farm_wheat_1 | pushing quest farm_wheat_1 = 79905ed2-43c6-419b-a5b8-e1a3ee824094
[21/07 13:35:40] [info] TheHumax | quest TheHumax/farm_wheat_1 | paused quest
[21/07 13:35:40] [info] TheHumax | quest TheHumax/farm_wheat_1 | pushing quest farm_wheat_1 = 79905ed2-43c6-419b-a5b8-e1a3ee824094
[21/07 13:36:03] [info] TheHumax | quest TheHumax/farm_wheat_1 | fetched quest
[21/07 13:36:03] [info] TheHumax | quest TheHumax/farm_wheat_1 | resumed quest
[21/07 13:36:13] [info] TheHumax | quest TheHumax/farm_wheat_1 | paused quest
[21/07 13:36:13] [info] TheHumax | quest TheHumax/farm_wheat_1 | pushing quest farm_wheat_1 = 79905ed2-43c6-419b-a5b8-e1a3ee824094
[21/07 13:36:13] [info] TheHumax | quest TheHumax/farm_wheat_1 | fetched quest
[21/07 13:36:13] [info] TheHumax | quest TheHumax/farm_wheat_1 | resumed quest
[21/07 13:37:13] [info] TheHumax | quest TheHumax/farm_wheat_1 | pushing quest farm_wheat_1 = 79905ed2-43c6-419b-a5b8-e1a3ee824094
[21/07 13:39:15] [info] TheHumax | quest TheHumax/farm_wheat_1 | paused quest
[21/07 13:39:15] [info] TheHumax | quest TheHumax/farm_wheat_1 | pushing quest farm_wheat_1 = 79905ed2-43c6-419b-a5b8-e1a3ee824094
[21/07 13:39:16] [info] TheHumax | quest TheHumax/farm_wheat_1 | fetched quest
[21/07 13:39:16] [info] TheHumax | quest TheHumax/farm_wheat_1 | resumed quest
[21/07 13:40:15] [info] TheHumax | quest TheHumax/farm_wheat_1 | pushing quest farm_wheat_1 = 79905ed2-43c6-419b-a5b8-e1a3ee824094
[21/07 14:10:20] [info] TheHumax | quest TheHumax/farm_wheat_1 | paused quest
[21/07 14:10:20] [info] TheHumax | quest TheHumax/farm_wheat_1 | pushing quest farm_wheat_1 = 79905ed2-43c6-419b-a5b8-e1a3ee824094
[21/07 14:10:20] [info] TheHumax | quest TheHumax/farm_wheat_1 | fetched quest
[21/07 14:10:20] [info] TheHumax | quest TheHumax/farm_wheat_1 | resumed quest
[21/07 14:10:36] [info] TheHumax | quest TheHumax/farm_wheat_1 | paused quest
[21/07 14:10:36] [info] TheHumax | quest TheHumax/farm_wheat_1 | pushing quest farm_wheat_1 = 79905ed2-43c6-419b-a5b8-e1a3ee824094
[21/07 14:10:36] [info] TheHumax | quest TheHumax/farm_wheat_1 | fetched quest
[21/07 14:10:36] [info] TheHumax | quest TheHumax/farm_wheat_1 | resumed quest
[21/07 14:11:36] [info] TheHumax | quest TheHumax/farm_wheat_1 | pushing quest farm_wheat_1 = 79905ed2-43c6-419b-a5b8-e1a3ee824094
[21/07 14:19:15] [info] TheHumax | quest TheHumax/farm_wheat_1 | paused quest
[21/07 14:19:15] [info] TheHumax | quest TheHumax/farm_wheat_1 | pushing quest farm_wheat_1 = 79905ed2-43c6-419b-a5b8-e1a3ee824094
[21/07 14:19:15] [info] TheHumax | quest TheHumax/farm_wheat_1 | fetched quest
[21/07 14:19:15] [info] TheHumax | quest TheHumax/farm_wheat_1 | resumed quest
[21/07 14:19:27] [info] TheHumax | quest TheHumax/farm_wheat_1 | stopped quest : cause GUI
