[22/07 09:30:28] [info] TheHumax | quest TheHumax/stone_1 | pushing quest stone_1 = e9616b43-399e-41b0-8cd0-96f4d0d2d709
[22/07 09:30:28] [info] TheHumax | quest TheHumax/stone_1 | started quest : cause GUI
[22/07 09:30:28] [info] TheHumax | quest TheHumax/stone_1/main | started branch
[22/07 09:31:23] [info] TheHumax | quest TheHumax/stone_1 | pushing quest stone_1 = e9616b43-399e-41b0-8cd0-96f4d0d2d709
[22/07 10:10:15] [info] TheHumax | quest TheHumax/stone_1 | paused quest
[22/07 10:10:15] [info] TheHumax | quest TheHumax/stone_1 | pushing quest stone_1 = e9616b43-399e-41b0-8cd0-96f4d0d2d709
[22/07 10:10:18] [info] TheHumax | quest TheHumax/stone_1 | fetched quest
[22/07 10:10:18] [info] TheHumax | quest TheHumax/stone_1 | resumed quest
[22/07 10:11:14] [info] TheHumax | quest TheHumax/stone_1 | pushing quest stone_1 = e9616b43-399e-41b0-8cd0-96f4d0d2d709
[22/07 10:58:25] [info] TheHumax | quest TheHumax/stone_1 | paused quest
[22/07 10:58:25] [info] TheHumax | quest TheHumax/stone_1 | pushing quest stone_1 = e9616b43-399e-41b0-8cd0-96f4d0d2d709
[22/07 10:58:26] [info] TheHumax | quest TheHumax/stone_1 | fetched quest
[22/07 10:58:26] [info] TheHumax | quest TheHumax/stone_1 | resumed quest
[22/07 10:59:25] [info] TheHumax | quest TheHumax/stone_1 | pushing quest stone_1 = e9616b43-399e-41b0-8cd0-96f4d0d2d709
[22/07 11:00:31] [info] TheHumax | quest TheHumax/stone_1 | paused quest
[22/07 11:00:31] [info] TheHumax | quest TheHumax/stone_1 | pushing quest stone_1 = e9616b43-399e-41b0-8cd0-96f4d0d2d709
[22/07 11:00:31] [info] TheHumax | quest TheHumax/stone_1 | fetched quest
[22/07 11:00:31] [info] TheHumax | quest TheHumax/stone_1 | resumed quest
[22/07 11:01:30] [info] TheHumax | quest TheHumax/stone_1 | pushing quest stone_1 = e9616b43-399e-41b0-8cd0-96f4d0d2d709
[22/07 11:02:29] [info] TheHumax | quest TheHumax/stone_1 | paused quest
[22/07 11:02:29] [info] TheHumax | quest TheHumax/stone_1 | pushing quest stone_1 = e9616b43-399e-41b0-8cd0-96f4d0d2d709
[22/07 11:02:29] [info] TheHumax | quest TheHumax/stone_1 | fetched quest
[22/07 11:02:29] [info] TheHumax | quest TheHumax/stone_1 | resumed quest
[22/07 11:03:28] [info] TheHumax | quest TheHumax/stone_1 | pushing quest stone_1 = e9616b43-399e-41b0-8cd0-96f4d0d2d709
[22/07 11:14:48] [info] TheHumax | quest TheHumax/stone_1 | paused quest
[22/07 11:14:48] [info] TheHumax | quest TheHumax/stone_1 | pushing quest stone_1 = e9616b43-399e-41b0-8cd0-96f4d0d2d709
[22/07 11:14:49] [info] TheHumax | quest TheHumax/stone_1 | fetched quest
[22/07 11:14:49] [info] TheHumax | quest TheHumax/stone_1 | resumed quest
[22/07 11:15:48] [info] TheHumax | quest TheHumax/stone_1 | pushing quest stone_1 = e9616b43-399e-41b0-8cd0-96f4d0d2d709
[22/07 11:17:24] [info] TheHumax | quest TheHumax/stone_1 | paused quest
[22/07 11:17:24] [info] TheHumax | quest TheHumax/stone_1 | pushing quest stone_1 = e9616b43-399e-41b0-8cd0-96f4d0d2d709
[22/07 11:17:25] [info] TheHumax | quest TheHumax/stone_1 | fetched quest
[22/07 11:17:25] [info] TheHumax | quest TheHumax/stone_1 | resumed quest
[22/07 11:18:24] [info] TheHumax | quest TheHumax/stone_1 | pushing quest stone_1 = e9616b43-399e-41b0-8cd0-96f4d0d2d709
[22/07 12:37:33] [info] TheHumax | quest TheHumax/stone_1 | paused quest
[22/07 12:37:33] [info] TheHumax | quest TheHumax/stone_1 | pushing quest stone_1 = e9616b43-399e-41b0-8cd0-96f4d0d2d709
[22/07 12:37:34] [info] TheHumax | quest TheHumax/stone_1 | fetched quest
[22/07 12:37:34] [info] TheHumax | quest TheHumax/stone_1 | resumed quest
[22/07 12:38:33] [info] TheHumax | quest TheHumax/stone_1 | pushing quest stone_1 = e9616b43-399e-41b0-8cd0-96f4d0d2d709
[22/07 12:38:57] [info] TheHumax | quest TheHumax/stone_1 | paused quest
[22/07 12:38:57] [info] TheHumax | quest TheHumax/stone_1 | pushing quest stone_1 = e9616b43-399e-41b0-8cd0-96f4d0d2d709
[22/07 12:42:53] [info] TheHumax | quest TheHumax/stone_1 | fetched quest
[22/07 12:42:53] [info] TheHumax | quest TheHumax/stone_1 | resumed quest
[22/07 12:43:29] [info] TheHumax | quest TheHumax/stone_1 | pushing quest stone_1 = e9616b43-399e-41b0-8cd0-96f4d0d2d709
[22/07 13:14:57] [info] TheHumax | quest TheHumax/stone_1 | paused quest
[22/07 13:14:57] [info] TheHumax | quest TheHumax/stone_1 | pushing quest stone_1 = e9616b43-399e-41b0-8cd0-96f4d0d2d709
[22/07 13:14:58] [info] TheHumax | quest TheHumax/stone_1 | fetched quest
[22/07 13:14:58] [info] TheHumax | quest TheHumax/stone_1 | resumed quest
[22/07 13:15:57] [info] TheHumax | quest TheHumax/stone_1 | pushing quest stone_1 = e9616b43-399e-41b0-8cd0-96f4d0d2d709
[22/07 13:17:59] [info] - | quest TheHumax/stone_1 | paused quest
[22/07 13:17:59] [info] - | quest TheHumax/stone_1 | pushing quest stone_1 = e9616b43-399e-41b0-8cd0-96f4d0d2d709
[22/07 13:19:33] [info] TheHumax | quest TheHumax/stone_1 | fetched quest
[22/07 13:19:33] [info] TheHumax | quest TheHumax/stone_1 | resumed quest
[22/07 13:19:57] [info] TheHumax | quest TheHumax/stone_1 | pushing quest stone_1 = e9616b43-399e-41b0-8cd0-96f4d0d2d709
[22/07 13:31:35] [info] TheHumax | quest TheHumax/stone_1 | paused quest
[22/07 13:31:35] [info] TheHumax | quest TheHumax/stone_1 | pushing quest stone_1 = e9616b43-399e-41b0-8cd0-96f4d0d2d709
[22/07 13:31:36] [info] TheHumax | quest TheHumax/stone_1 | fetched quest
[22/07 13:31:36] [info] TheHumax | quest TheHumax/stone_1 | resumed quest
[22/07 13:32:02] [info] TheHumax | quest TheHumax/stone_1 | paused quest
[22/07 13:32:02] [info] TheHumax | quest TheHumax/stone_1 | pushing quest stone_1 = e9616b43-399e-41b0-8cd0-96f4d0d2d709
[22/07 13:32:03] [info] TheHumax | quest TheHumax/stone_1 | fetched quest
[22/07 13:32:03] [info] TheHumax | quest TheHumax/stone_1 | resumed quest
[22/07 13:33:02] [info] TheHumax | quest TheHumax/stone_1 | pushing quest stone_1 = e9616b43-399e-41b0-8cd0-96f4d0d2d709
[22/07 13:36:00] [info] TheHumax | quest TheHumax/stone_1 | paused quest
[22/07 13:36:00] [info] TheHumax | quest TheHumax/stone_1 | pushing quest stone_1 = e9616b43-399e-41b0-8cd0-96f4d0d2d709
[22/07 13:36:01] [info] TheHumax | quest TheHumax/stone_1 | fetched quest
[22/07 13:36:01] [info] TheHumax | quest TheHumax/stone_1 | resumed quest
[22/07 13:36:39] [info] TheHumax | quest TheHumax/stone_1 | paused quest
[22/07 13:36:39] [info] TheHumax | quest TheHumax/stone_1 | pushing quest stone_1 = e9616b43-399e-41b0-8cd0-96f4d0d2d709
[22/07 13:36:40] [info] TheHumax | quest TheHumax/stone_1 | fetched quest
[22/07 13:36:40] [info] TheHumax | quest TheHumax/stone_1 | resumed quest
[22/07 13:37:17] [info] TheHumax | quest TheHumax/stone_1 | paused quest
[22/07 13:37:17] [info] TheHumax | quest TheHumax/stone_1 | pushing quest stone_1 = e9616b43-399e-41b0-8cd0-96f4d0d2d709
